Copyright 1986-2022 Xilinx, Inc. All Rights Reserved. Copyright 2022-2025 Advanced Micro Devices, Inc. All Rights Reserved.
---------------------------------------------------------------------------------------------------------------------------------------------------------------------------------------------------------------------
| Tool Version : Vivado v.2025.2 (win64) Build 6299465 Fri Nov 14 19:35:11 GMT 2025
| Date         : Thu Jun  4 17:33:49 2026
| Host         : Sourish_PC running 64-bit major release  (build 9200)
| Command      : report_timing_summary -max_paths 10 -routable_nets -report_unconstrained -file top_timing_summary_routed.rpt -pb top_timing_summary_routed.pb -rpx top_timing_summary_routed.rpx -warn_on_violation
| Design       : top
| Device       : 7a100t-csg324
| Speed File   : -1  PRODUCTION 1.23 2018-06-13
| Design State : Routed
---------------------------------------------------------------------------------------------------------------------------------------------------------------------------------------------------------------------

Timing Summary Report

------------------------------------------------------------------------------------------------
| Timer Settings
| --------------
------------------------------------------------------------------------------------------------

  Enable Multi Corner Analysis               :  Yes
  Enable Pessimism Removal                   :  Yes
  Pessimism Removal Resolution               :  Nearest Common Node
  Enable Input Delay Default Clock           :  No
  Enable Preset / Clear Arcs                 :  No
  Disable Flight Delays                      :  No
  Ignore I/O Paths                           :  No
  Timing Early Launch at Borrowing Latches   :  No
  Borrow Time for Max Delay Exceptions       :  Yes
  Merge Timing Exceptions                    :  Yes
  Inter-SLR Compensation                     :  Conservative

  Corner  Analyze    Analyze    
  Name    Max Paths  Min Paths  
  ------  ---------  ---------  
  Slow    Yes        Yes        
  Fast    Yes        Yes        


------------------------------------------------------------------------------------------------
| Report Methodology
| ------------------
------------------------------------------------------------------------------------------------

No report available as report_methodology has not been run prior. Run report_methodology on the current design for the summary of methodology violations.



check_timing report

Table of Contents
-----------------
1. checking no_clock (0)
2. checking constant_clock (0)
3. checking pulse_width_clock (0)
4. checking unconstrained_internal_endpoints (0)
5. checking no_input_delay (0)
6. checking no_output_delay (0)
7. checking multiple_clock (0)
8. checking generated_clocks (0)
9. checking loops (0)
10. checking partial_input_delay (0)
11. checking partial_output_delay (0)
12. checking latch_loops (0)

1. checking no_clock (0)
------------------------
 There are 0 register/latch pins with no clock.


2. checking constant_clock (0)
------------------------------
 There are 0 register/latch pins with constant_clock.


3. checking pulse_width_clock (0)
---------------------------------
 There are 0 register/latch pins which need pulse_width check


4. checking unconstrained_internal_endpoints (0)
------------------------------------------------
 There are 0 pins that are not constrained for maximum delay.

 There are 0 pins that are not constrained for maximum delay due to constant clock.


5. checking no_input_delay (0)
------------------------------
 There are 0 input ports with no input delay specified.

 There are 0 input ports with no input delay but user has a false path constraint.


6. checking no_output_delay (0)
-------------------------------
 There are 0 ports with no output delay specified.

 There are 0 ports with no output delay but user has a false path constraint

 There are 0 ports with no output delay but with a timing clock defined on it or propagating through it


7. checking multiple_clock (0)
------------------------------
 There are 0 register/latch pins with multiple clocks.


8. checking generated_clocks (0)
--------------------------------
 There are 0 generated clocks that are not connected to a clock source.


9. checking loops (0)
---------------------
 There are 0 combinational loops in the design.


10. checking partial_input_delay (0)
------------------------------------
 There are 0 input ports with partial input delay specified.


11. checking partial_output_delay (0)
-------------------------------------
 There are 0 ports with partial output delay specified.


12. checking latch_loops (0)
----------------------------
 There are 0 combinational latch loops in the design through latch input



------------------------------------------------------------------------------------------------
| Design Timing Summary
| ---------------------
------------------------------------------------------------------------------------------------

    WNS(ns)      TNS(ns)  TNS Failing Endpoints  TNS Total Endpoints      WHS(ns)      THS(ns)  THS Failing Endpoints  THS Total Endpoints     WPWS(ns)     TPWS(ns)  TPWS Failing Endpoints  TPWS Total Endpoints  
    -------      -------  ---------------------  -------------------      -------      -------  ---------------------  -------------------     --------     --------  ----------------------  --------------------  
        inf        0.000                      0                   16          inf        0.000                      0                   16           NA           NA                      NA                    NA  


There are no user specified timing constraints.


------------------------------------------------------------------------------------------------
| Clock Summary
| -------------
------------------------------------------------------------------------------------------------


------------------------------------------------------------------------------------------------
| Intra Clock Table
| -----------------
------------------------------------------------------------------------------------------------

Clock             WNS(ns)      TNS(ns)  TNS Failing Endpoints  TNS Total Endpoints      WHS(ns)      THS(ns)  THS Failing Endpoints  THS Total Endpoints     WPWS(ns)     TPWS(ns)  TPWS Failing Endpoints  TPWS Total Endpoints  
-----             -------      -------  ---------------------  -------------------      -------      -------  ---------------------  -------------------     --------     --------  ----------------------  --------------------  


------------------------------------------------------------------------------------------------
| Inter Clock Table
| -----------------
------------------------------------------------------------------------------------------------

From Clock    To Clock          WNS(ns)      TNS(ns)  TNS Failing Endpoints  TNS Total Endpoints      WHS(ns)      THS(ns)  THS Failing Endpoints  THS Total Endpoints  
----------    --------          -------      -------  ---------------------  -------------------      -------      -------  ---------------------  -------------------  


------------------------------------------------------------------------------------------------
| Other Path Groups Table
| -----------------------
------------------------------------------------------------------------------------------------

Path Group    From Clock    To Clock          WNS(ns)      TNS(ns)  TNS Failing Endpoints  TNS Total Endpoints      WHS(ns)      THS(ns)  THS Failing Endpoints  THS Total Endpoints  
----------    ----------    --------          -------      -------  ---------------------  -------------------      -------      -------  ---------------------  -------------------  


------------------------------------------------------------------------------------------------
| User Ignored Path Table
| -----------------------
------------------------------------------------------------------------------------------------

Path Group    From Clock    To Clock    
----------    ----------    --------    


------------------------------------------------------------------------------------------------
| Unconstrained Path Table
| ------------------------
------------------------------------------------------------------------------------------------

Path Group    From Clock    To Clock    
----------    ----------    --------    
(none)                                    


------------------------------------------------------------------------------------------------
| Timing Details
| --------------
------------------------------------------------------------------------------------------------


--------------------------------------------------------------------------------------
Path Group:  (none)
From Clock:  
  To Clock:  

Max Delay            16 Endpoints
Min Delay            16 Endpoints
--------------------------------------------------------------------------------------


Max Delay Paths
--------------------------------------------------------------------------------------
Slack:                    inf
  Source:                 sw[12]
                            (input port)
  Destination:            led[12]
                            (output port)
  Path Group:             (none)
  Path Type:              Max at Slow Process Corner
  Data Path Delay:        10.951ns  (logic 5.018ns (45.824%)  route 5.933ns (54.176%))
  Logic Levels:           2  (IBUF=1 OBUF=1)

    Location             Delay type                Incr(ns)  Path(ns)    Netlist Resource(s)
  -------------------------------------------------------------------    -------------------
    H6                                                0.000     0.000 r  sw[12] (IN)
                         net (fo=0)                   0.000     0.000    sw[12]
    H6                   IBUF (Prop_ibuf_I_O)         1.467     1.467 r  sw_IBUF[12]_inst/O
                         net (fo=1, routed)           5.933     7.400    led_OBUF[12]
    V15                  OBUF (Prop_obuf_I_O)         3.552    10.951 r  led_OBUF[12]_inst/O
                         net (fo=0)                   0.000    10.951    led[12]
    V15                                                               r  led[12] (OUT)
  -------------------------------------------------------------------    -------------------

Slack:                    inf
  Source:                 sw[9]
                            (input port)
  Destination:            led[9]
                            (output port)
  Path Group:             (none)
  Path Type:              Max at Slow Process Corner
  Data Path Delay:        9.856ns  (logic 4.521ns (45.873%)  route 5.335ns (54.127%))
  Logic Levels:           2  (IBUF=1 OBUF=1)

    Location             Delay type                Incr(ns)  Path(ns)    Netlist Resource(s)
  -------------------------------------------------------------------    -------------------
    U8                                                0.000     0.000 r  sw[9] (IN)
                         net (fo=0)                   0.000     0.000    sw[9]
    U8                   IBUF (Prop_ibuf_I_O)         0.967     0.967 r  sw_IBUF[9]_inst/O
                         net (fo=1, routed)           5.335     6.302    led_OBUF[9]
    T15                  OBUF (Prop_obuf_I_O)         3.554     9.856 r  led_OBUF[9]_inst/O
                         net (fo=0)                   0.000     9.856    led[9]
    T15                                                               r  led[9] (OUT)
  -------------------------------------------------------------------    -------------------

Slack:                    inf
  Source:                 sw[8]
                            (input port)
  Destination:            led[8]
                            (output port)
  Path Group:             (none)
  Path Type:              Max at Slow Process Corner
  Data Path Delay:        9.672ns  (logic 4.530ns (46.831%)  route 5.143ns (53.169%))
  Logic Levels:           2  (IBUF=1 OBUF=1)

    Location             Delay type                Incr(ns)  Path(ns)    Netlist Resource(s)
  -------------------------------------------------------------------    -------------------
    T8                                                0.000     0.000 r  sw[8] (IN)
                         net (fo=0)                   0.000     0.000    sw[8]
    T8                   IBUF (Prop_ibuf_I_O)         0.982     0.982 r  sw_IBUF[8]_inst/O
                         net (fo=1, routed)           5.143     6.125    led_OBUF[8]
    V16                  OBUF (Prop_obuf_I_O)         3.548     9.672 r  led_OBUF[8]_inst/O
                         net (fo=0)                   0.000     9.672    led[8]
    V16                                                               r  led[8] (OUT)
  -------------------------------------------------------------------    -------------------

Slack:                    inf
  Source:                 sw[2]
                            (input port)
  Destination:            led[2]
                            (output port)
  Path Group:             (none)
  Path Type:              Max at Slow Process Corner
  Data Path Delay:        7.897ns  (logic 5.038ns (63.796%)  route 2.859ns (36.204%))
  Logic Levels:           2  (IBUF=1 OBUF=1)

    Location             Delay type                Incr(ns)  Path(ns)    Netlist Resource(s)
  -------------------------------------------------------------------    -------------------
    M13                                               0.000     0.000 r  sw[2] (IN)
                         net (fo=0)                   0.000     0.000    sw[2]
    M13                  IBUF (Prop_ibuf_I_O)         1.485     1.485 r  sw_IBUF[2]_inst/O
                         net (fo=1, routed)           2.859     4.344    led_OBUF[2]
    J13                  OBUF (Prop_obuf_I_O)         3.553     7.897 r  led_OBUF[2]_inst/O
                         net (fo=0)                   0.000     7.897    led[2]
    J13                                                               r  led[2] (OUT)
  -------------------------------------------------------------------    -------------------

Slack:                    inf
  Source:                 sw[7]
                            (input port)
  Destination:            led[7]
                            (output port)
  Path Group:             (none)
  Path Type:              Max at Slow Process Corner
  Data Path Delay:        7.892ns  (logic 5.063ns (64.156%)  route 2.829ns (35.844%))
  Logic Levels:           2  (IBUF=1 OBUF=1)

    Location             Delay type                Incr(ns)  Path(ns)    Netlist Resource(s)
  -------------------------------------------------------------------    -------------------
    R13                                               0.000     0.000 r  sw[7] (IN)
                         net (fo=0)                   0.000     0.000    sw[7]
    R13                  IBUF (Prop_ibuf_I_O)         1.508     1.508 r  sw_IBUF[7]_inst/O
                         net (fo=1, routed)           2.829     4.337    led_OBUF[7]
    U16                  OBUF (Prop_obuf_I_O)         3.555     7.892 r  led_OBUF[7]_inst/O
                         net (fo=0)                   0.000     7.892    led[7]
    U16                                                               r  led[7] (OUT)
  -------------------------------------------------------------------    -------------------

Slack:                    inf
  Source:                 sw[5]
                            (input port)
  Destination:            led[5]
                            (output port)
  Path Group:             (none)
  Path Type:              Max at Slow Process Corner
  Data Path Delay:        7.834ns  (logic 5.049ns (64.454%)  route 2.785ns (35.546%))
  Logic Levels:           2  (IBUF=1 OBUF=1)

    Location             Delay type                Incr(ns)  Path(ns)    Netlist Resource(s)
  -------------------------------------------------------------------    -------------------
    T18                                               0.000     0.000 r  sw[5] (IN)
                         net (fo=0)                   0.000     0.000    sw[5]
    T18                  IBUF (Prop_ibuf_I_O)         1.497     1.497 r  sw_IBUF[5]_inst/O
                         net (fo=1, routed)           2.785     4.282    led_OBUF[5]
    V17                  OBUF (Prop_obuf_I_O)         3.552     7.834 r  led_OBUF[5]_inst/O
                         net (fo=0)                   0.000     7.834    led[5]
    V17                                                               r  led[5] (OUT)
  -------------------------------------------------------------------    -------------------

Slack:                    inf
  Source:                 sw[11]
                            (input port)
  Destination:            led[11]
                            (output port)
  Path Group:             (none)
  Path Type:              Max at Slow Process Corner
  Data Path Delay:        7.498ns  (logic 5.033ns (67.125%)  route 2.465ns (32.875%))
  Logic Levels:           2  (IBUF=1 OBUF=1)

    Location             Delay type                Incr(ns)  Path(ns)    Netlist Resource(s)
  -------------------------------------------------------------------    -------------------
    T13                                               0.000     0.000 r  sw[11] (IN)
                         net (fo=0)                   0.000     0.000    sw[11]
    T13                  IBUF (Prop_ibuf_I_O)         1.502     1.502 r  sw_IBUF[11]_inst/O
                         net (fo=1, routed)           2.465     3.967    led_OBUF[11]
    T16                  OBUF (Prop_obuf_I_O)         3.531     7.498 r  led_OBUF[11]_inst/O
                         net (fo=0)                   0.000     7.498    led[11]
    T16                                                               r  led[11] (OUT)
  -------------------------------------------------------------------    -------------------

Slack:                    inf
  Source:                 sw[10]
                            (input port)
  Destination:            led[10]
                            (output port)
  Path Group:             (none)
  Path Type:              Max at Slow Process Corner
  Data Path Delay:        7.377ns  (logic 5.035ns (68.244%)  route 2.343ns (31.756%))
  Logic Levels:           2  (IBUF=1 OBUF=1)

    Location             Delay type                Incr(ns)  Path(ns)    Netlist Resource(s)
  -------------------------------------------------------------------    -------------------
    R16                                               0.000     0.000 r  sw[10] (IN)
                         net (fo=0)                   0.000     0.000    sw[10]
    R16                  IBUF (Prop_ibuf_I_O)         1.482     1.482 r  sw_IBUF[10]_inst/O
                         net (fo=1, routed)           2.343     3.825    led_OBUF[10]
    U14                  OBUF (Prop_obuf_I_O)         3.552     7.377 r  led_OBUF[10]_inst/O
                         net (fo=0)                   0.000     7.377    led[10]
    U14                                                               r  led[10] (OUT)
  -------------------------------------------------------------------    -------------------

Slack:                    inf
  Source:                 sw[0]
                            (input port)
  Destination:            led[0]
                            (output port)
  Path Group:             (none)
  Path Type:              Max at Slow Process Corner
  Data Path Delay:        7.318ns  (logic 4.998ns (68.300%)  route 2.320ns (31.700%))
  Logic Levels:           2  (IBUF=1 OBUF=1)

    Location             Delay type                Incr(ns)  Path(ns)    Netlist Resource(s)
  -------------------------------------------------------------------    -------------------
    J15                                               0.000     0.000 r  sw[0] (IN)
                         net (fo=0)                   0.000     0.000    sw[0]
    J15                  IBUF (Prop_ibuf_I_O)         1.478     1.478 r  sw_IBUF[0]_inst/O
                         net (fo=1, routed)           2.320     3.797    led_OBUF[0]
    H17                  OBUF (Prop_obuf_I_O)         3.520     7.318 r  led_OBUF[0]_inst/O
                         net (fo=0)                   0.000     7.318    led[0]
    H17                                                               r  led[0] (OUT)
  -------------------------------------------------------------------    -------------------

Slack:                    inf
  Source:                 sw[1]
                            (input port)
  Destination:            led[1]
                            (output port)
  Path Group:             (none)
  Path Type:              Max at Slow Process Corner
  Data Path Delay:        7.285ns  (logic 5.015ns (68.834%)  route 2.271ns (31.166%))
  Logic Levels:           2  (IBUF=1 OBUF=1)

    Location             Delay type                Incr(ns)  Path(ns)    Netlist Resource(s)
  -------------------------------------------------------------------    -------------------
    L16                                               0.000     0.000 r  sw[1] (IN)
                         net (fo=0)                   0.000     0.000    sw[1]
    L16                  IBUF (Prop_ibuf_I_O)         1.480     1.480 r  sw_IBUF[1]_inst/O
                         net (fo=1, routed)           2.271     3.750    led_OBUF[1]
    K15                  OBUF (Prop_obuf_I_O)         3.535     7.285 r  led_OBUF[1]_inst/O
                         net (fo=0)                   0.000     7.285    led[1]
    K15                                                               r  led[1] (OUT)
  -------------------------------------------------------------------    -------------------





Min Delay Paths
--------------------------------------------------------------------------------------
Slack:                    inf
  Source:                 sw[6]
                            (input port)
  Destination:            led[6]
                            (output port)
  Path Group:             (none)
  Path Type:              Min at Fast Process Corner
  Data Path Delay:        1.881ns  (logic 1.517ns (80.665%)  route 0.364ns (19.335%))
  Logic Levels:           2  (IBUF=1 OBUF=1)

    Location             Delay type                Incr(ns)  Path(ns)    Netlist Resource(s)
  -------------------------------------------------------------------    -------------------
    U18                                               0.000     0.000 r  sw[6] (IN)
                         net (fo=0)                   0.000     0.000    sw[6]
    U18                  IBUF (Prop_ibuf_I_O)         0.262     0.262 r  sw_IBUF[6]_inst/O
                         net (fo=1, routed)           0.364     0.626    led_OBUF[6]
    U17                  OBUF (Prop_obuf_I_O)         1.256     1.881 r  led_OBUF[6]_inst/O
                         net (fo=0)                   0.000     1.881    led[6]
    U17                                                               r  led[6] (OUT)
  -------------------------------------------------------------------    -------------------

Slack:                    inf
  Source:                 sw[14]
                            (input port)
  Destination:            led[14]
                            (output port)
  Path Group:             (none)
  Path Type:              Min at Fast Process Corner
  Data Path Delay:        1.915ns  (logic 1.548ns (80.831%)  route 0.367ns (19.170%))
  Logic Levels:           2  (IBUF=1 OBUF=1)

    Location             Delay type                Incr(ns)  Path(ns)    Netlist Resource(s)
  -------------------------------------------------------------------    -------------------
    U11                                               0.000     0.000 r  sw[14] (IN)
                         net (fo=0)                   0.000     0.000    sw[14]
    U11                  IBUF (Prop_ibuf_I_O)         0.277     0.277 r  sw_IBUF[14]_inst/O
                         net (fo=1, routed)           0.367     0.645    led_OBUF[14]
    V12                  OBUF (Prop_obuf_I_O)         1.271     1.915 r  led_OBUF[14]_inst/O
                         net (fo=0)                   0.000     1.915    led[14]
    V12                                                               r  led[14] (OUT)
  -------------------------------------------------------------------    -------------------

Slack:                    inf
  Source:                 sw[15]
                            (input port)
  Destination:            led[15]
                            (output port)
  Path Group:             (none)
  Path Type:              Min at Fast Process Corner
  Data Path Delay:        1.923ns  (logic 1.561ns (81.185%)  route 0.362ns (18.815%))
  Logic Levels:           2  (IBUF=1 OBUF=1)

    Location             Delay type                Incr(ns)  Path(ns)    Netlist Resource(s)
  -------------------------------------------------------------------    -------------------
    V10                                               0.000     0.000 r  sw[15] (IN)
                         net (fo=0)                   0.000     0.000    sw[15]
    V10                  IBUF (Prop_ibuf_I_O)         0.292     0.292 r  sw_IBUF[15]_inst/O
                         net (fo=1, routed)           0.362     0.653    led_OBUF[15]
    V11                  OBUF (Prop_obuf_I_O)         1.269     1.923 r  led_OBUF[15]_inst/O
                         net (fo=0)                   0.000     1.923    led[15]
    V11                                                               r  led[15] (OUT)
  -------------------------------------------------------------------    -------------------

Slack:                    inf
  Source:                 sw[0]
                            (input port)
  Destination:            led[0]
                            (output port)
  Path Group:             (none)
  Path Type:              Min at Fast Process Corner
  Data Path Delay:        1.977ns  (logic 1.467ns (74.175%)  route 0.511ns (25.825%))
  Logic Levels:           2  (IBUF=1 OBUF=1)

    Location             Delay type                Incr(ns)  Path(ns)    Netlist Resource(s)
  -------------------------------------------------------------------    -------------------
    J15                                               0.000     0.000 r  sw[0] (IN)
                         net (fo=0)                   0.000     0.000    sw[0]
    J15                  IBUF (Prop_ibuf_I_O)         0.245     0.245 r  sw_IBUF[0]_inst/O
                         net (fo=1, routed)           0.511     0.756    led_OBUF[0]
    H17                  OBUF (Prop_obuf_I_O)         1.221     1.977 r  led_OBUF[0]_inst/O
                         net (fo=0)                   0.000     1.977    led[0]
    H17                                                               r  led[0] (OUT)
  -------------------------------------------------------------------    -------------------

Slack:                    inf
  Source:                 sw[1]
                            (input port)
  Destination:            led[1]
                            (output port)
  Path Group:             (none)
  Path Type:              Min at Fast Process Corner
  Data Path Delay:        1.991ns  (logic 1.484ns (74.506%)  route 0.508ns (25.494%))
  Logic Levels:           2  (IBUF=1 OBUF=1)

    Location             Delay type                Incr(ns)  Path(ns)    Netlist Resource(s)
  -------------------------------------------------------------------    -------------------
    L16                                               0.000     0.000 r  sw[1] (IN)
                         net (fo=0)                   0.000     0.000    sw[1]
    L16                  IBUF (Prop_ibuf_I_O)         0.247     0.247 r  sw_IBUF[1]_inst/O
                         net (fo=1, routed)           0.508     0.755    led_OBUF[1]
    K15                  OBUF (Prop_obuf_I_O)         1.236     1.991 r  led_OBUF[1]_inst/O
                         net (fo=0)                   0.000     1.991    led[1]
    K15                                                               r  led[1] (OUT)
  -------------------------------------------------------------------    -------------------

Slack:                    inf
  Source:                 sw[4]
                            (input port)
  Destination:            led[4]
                            (output port)
  Path Group:             (none)
  Path Type:              Min at Fast Process Corner
  Data Path Delay:        1.991ns  (logic 1.513ns (75.958%)  route 0.479ns (24.042%))
  Logic Levels:           2  (IBUF=1 OBUF=1)

    Location             Delay type                Incr(ns)  Path(ns)    Netlist Resource(s)
  -------------------------------------------------------------------    -------------------
    R17                                               0.000     0.000 r  sw[4] (IN)
                         net (fo=0)                   0.000     0.000    sw[4]
    R17                  IBUF (Prop_ibuf_I_O)         0.260     0.260 r  sw_IBUF[4]_inst/O
                         net (fo=1, routed)           0.479     0.739    led_OBUF[4]
    R18                  OBUF (Prop_obuf_I_O)         1.252     1.991 r  led_OBUF[4]_inst/O
                         net (fo=0)                   0.000     1.991    led[4]
    R18                                                               r  led[4] (OUT)
  -------------------------------------------------------------------    -------------------

Slack:                    inf
  Source:                 sw[13]
                            (input port)
  Destination:            led[13]
                            (output port)
  Path Group:             (none)
  Path Type:              Min at Fast Process Corner
  Data Path Delay:        1.995ns  (logic 1.546ns (77.479%)  route 0.449ns (22.521%))
  Logic Levels:           2  (IBUF=1 OBUF=1)

    Location             Delay type                Incr(ns)  Path(ns)    Netlist Resource(s)
  -------------------------------------------------------------------    -------------------
    U12                                               0.000     0.000 r  sw[13] (IN)
                         net (fo=0)                   0.000     0.000    sw[13]
    U12                  IBUF (Prop_ibuf_I_O)         0.291     0.291 r  sw_IBUF[13]_inst/O
                         net (fo=1, routed)           0.449     0.740    led_OBUF[13]
    V14                  OBUF (Prop_obuf_I_O)         1.255     1.995 r  led_OBUF[13]_inst/O
                         net (fo=0)                   0.000     1.995    led[13]
    V14                                                               r  led[13] (OUT)
  -------------------------------------------------------------------    -------------------

Slack:                    inf
  Source:                 sw[3]
                            (input port)
  Destination:            led[3]
                            (output port)
  Path Group:             (none)
  Path Type:              Min at Fast Process Corner
  Data Path Delay:        2.004ns  (logic 1.496ns (74.670%)  route 0.508ns (25.330%))
  Logic Levels:           2  (IBUF=1 OBUF=1)

    Location             Delay type                Incr(ns)  Path(ns)    Netlist Resource(s)
  -------------------------------------------------------------------    -------------------
    R15                                               0.000     0.000 r  sw[3] (IN)
                         net (fo=0)                   0.000     0.000    sw[3]
    R15                  IBUF (Prop_ibuf_I_O)         0.245     0.245 r  sw_IBUF[3]_inst/O
                         net (fo=1, routed)           0.508     0.753    led_OBUF[3]
    N14                  OBUF (Prop_obuf_I_O)         1.251     2.004 r  led_OBUF[3]_inst/O
                         net (fo=0)                   0.000     2.004    led[3]
    N14                                                               r  led[3] (OUT)
  -------------------------------------------------------------------    -------------------

Slack:                    inf
  Source:                 sw[10]
                            (input port)
  Destination:            led[10]
                            (output port)
  Path Group:             (none)
  Path Type:              Min at Fast Process Corner
  Data Path Delay:        2.042ns  (logic 1.503ns (73.616%)  route 0.539ns (26.384%))
  Logic Levels:           2  (IBUF=1 OBUF=1)

    Location             Delay type                Incr(ns)  Path(ns)    Netlist Resource(s)
  -------------------------------------------------------------------    -------------------
    R16                                               0.000     0.000 r  sw[10] (IN)
                         net (fo=0)                   0.000     0.000    sw[10]
    R16                  IBUF (Prop_ibuf_I_O)         0.250     0.250 r  sw_IBUF[10]_inst/O
                         net (fo=1, routed)           0.539     0.789    led_OBUF[10]
    U14                  OBUF (Prop_obuf_I_O)         1.253     2.042 r  led_OBUF[10]_inst/O
                         net (fo=0)                   0.000     2.042    led[10]
    U14                                                               r  led[10] (OUT)
  -------------------------------------------------------------------    -------------------

Slack:                    inf
  Source:                 sw[11]
                            (input port)
  Destination:            led[11]
                            (output port)
  Path Group:             (none)
  Path Type:              Min at Fast Process Corner
  Data Path Delay:        2.091ns  (logic 1.502ns (71.826%)  route 0.589ns (28.174%))
  Logic Levels:           2  (IBUF=1 OBUF=1)

    Location             Delay type                Incr(ns)  Path(ns)    Netlist Resource(s)
  -------------------------------------------------------------------    -------------------
    T13                                               0.000     0.000 r  sw[11] (IN)
                         net (fo=0)                   0.000     0.000    sw[11]
    T13                  IBUF (Prop_ibuf_I_O)         0.270     0.270 r  sw_IBUF[11]_inst/O
                         net (fo=1, routed)           0.589     0.859    led_OBUF[11]
    T16                  OBUF (Prop_obuf_I_O)         1.232     2.091 r  led_OBUF[11]_inst/O
                         net (fo=0)                   0.000     2.091    led[11]
    T16                                                               r  led[11] (OUT)
  -------------------------------------------------------------------    -------------------





